app/build/intermediates/manifest_merge_blame_file/debug/processDebugMainManifest/manifest-merger-blame-debug-report.txt
1<?xml version="1.0" encoding="utf-8"?>
2<manifest xmlns:android="http://schemas.android.com/apk/res/android"
3    package="com.example.mercuryexperience"
4    android:versionCode="1"
5    android:versionName="1.0" >
6
7    <uses-sdk
8        android:minSdkVersion="26"
9        android:targetSdkVersion="36" />
10
11    <uses-permission android:name="android.permission.INTERNET" />
11-->[com.google.firebase:firebase-auth:23.2.0] AndroidManifest.xml:25:5-67
11-->[com.google.firebase:firebase-auth:23.2.0] AndroidManifest.xml:25:22-64
12    <uses-permission android:name="android.permission.ACCESS_NETWORK_STATE" />
12-->[com.google.firebase:firebase-auth:23.2.0] AndroidManifest.xml:26:5-79
12-->[com.google.firebase:firebase-auth:23.2.0] AndroidManifest.xml:26:22-76
13    <uses-permission android:name="android.permission.WAKE_LOCK" />
13-->[com.google.android.gms:play-services-measurement:22.3.0] AndroidManifest.xml:25:5-68
13-->[com.google.android.gms:play-services-measurement:22.3.0] AndroidManifest.xml:25:22-65
14    <uses-permission android:name="com.google.android.finsky.permission.BIND_GET_INSTALL_REFERRER_SERVICE" />
14-->[com.google.android.gms:play-services-measurement:22.3.0] AndroidManifest.xml:26:5-110
14-->[com.google.android.gms:play-services-measurement:22.3.0] AndroidManifest.xml:26:22-107
15    <uses-permission android:name="com.google.android.gms.permission.AD_ID" />
15-->[com.google.android.gms:play-services-measurement-api:22.3.0] AndroidManifest.xml:25:5-79
15-->[com.google.android.gms:play-services-measurement-api:22.3.0] AndroidManifest.xml:25:22-76
16    <uses-permission android:name="android.permission.ACCESS_ADSERVICES_ATTRIBUTION" />
16-->[com.google.android.gms:play-services-measurement-api:22.3.0] AndroidManifest.xml:26:5-88
16-->[com.google.android.gms:play-services-measurement-api:22.3.0] AndroidManifest.xml:26:22-85
17    <uses-permission android:name="android.permission.ACCESS_ADSERVICES_AD_ID" />
17-->[com.google.android.gms:play-services-measurement-api:22.3.0] AndroidManifest.xml:27:5-82
17-->[com.google.android.gms:play-services-measurement-api:22.3.0] AndroidManifest.xml:27:22-79
18    <uses-permission android:name="com.google.android.providers.gsf.permission.READ_GSERVICES" />
18-->[com.google.android.recaptcha:recaptcha:18.6.1] AndroidManifest.xml:9:5-98
18-->[com.google.android.recaptcha:recaptcha:18.6.1] AndroidManifest.xml:9:22-95
19
20    <permission
20-->[androidx.core:core:1.17.0] AndroidManifest.xml:22:5-24:47
21        android:name="com.example.mercuryexperience.DYNAMIC_RECEIVER_NOT_EXPORTED_PERMISSION"
21-->[androidx.core:core:1.17.0] AndroidManifest.xml:23:9-81
22        android:protectionLevel="signature" />
22-->[androidx.core:core:1.17.0] AndroidManifest.xml:24:9-44
23
24    <uses-permission android:name="com.example.mercuryexperience.DYNAMIC_RECEIVER_NOT_EXPORTED_PERMISSION" />
24-->[androidx.core:core:1.17.0] AndroidManifest.xml:26:5-97
24-->[androidx.core:core:1.17.0] AndroidManifest.xml:26:22-94
25
26    <application
26-->src\main\AndroidManifest.xml:5:5-56:19
27        android:allowBackup="true"
27-->src\main\AndroidManifest.xml:6:9-35
28        android:appComponentFactory="androidx.core.app.CoreComponentFactory"
28-->[androidx.core:core:1.17.0] AndroidManifest.xml:28:18-86
29        android:dataExtractionRules="@xml/data_extraction_rules"
29-->src\main\AndroidManifest.xml:7:9-65
30        android:debuggable="true"
31        android:extractNativeLibs="false"
32        android:fullBackupContent="@xml/backup_rules"
32-->src\main\AndroidManifest.xml:8:9-54
33        android:icon="@mipmap/ic_launcher"
33-->src\main\AndroidManifest.xml:9:9-43
34        android:label="@string/app_name"
34-->src\main\AndroidManifest.xml:10:9-41
35        android:roundIcon="@mipmap/ic_launcher_round"
35-->src\main\AndroidManifest.xml:11:9-54
36        android:supportsRtl="true"
36-->src\main\AndroidManifest.xml:12:9-35
37        android:testOnly="true"
38        android:theme="@style/Theme.MercuryExperience" >
38-->src\main\AndroidManifest.xml:13:9-55
39        <activity
39-->src\main\AndroidManifest.xml:16:9-19:62
40            android:name="com.example.mercuryexperience.ui.app.auth.RegistrationActivity"
40-->src\main\AndroidManifest.xml:17:13-61
41            android:exported="false"
41-->src\main\AndroidManifest.xml:18:13-37
42            android:theme="@style/Theme.MercuryExperience" />
42-->src\main\AndroidManifest.xml:19:13-59
43        <activity
43-->src\main\AndroidManifest.xml:21:9-24:62
44            android:name="com.example.mercuryexperience.ui.app.auth.LoginActivity"
44-->src\main\AndroidManifest.xml:22:13-54
45            android:exported="false"
45-->src\main\AndroidManifest.xml:23:13-37
46            android:theme="@style/Theme.MercuryExperience" />
46-->src\main\AndroidManifest.xml:24:13-59
47        <activity
47-->src\main\AndroidManifest.xml:26:9-29:62
48            android:name="com.example.mercuryexperience.MainActivity"
48-->src\main\AndroidManifest.xml:27:13-41
49            android:exported="false"
49-->src\main\AndroidManifest.xml:28:13-37
50            android:theme="@style/Theme.MercuryExperience" />
50-->src\main\AndroidManifest.xml:29:13-59
51        <activity
51-->src\main\AndroidManifest.xml:31:9-34:62
52            android:name="com.example.mercuryexperience.ui.app.Details.MovieDetailActivity"
52-->src\main\AndroidManifest.xml:32:13-63
53            android:exported="false"
53-->src\main\AndroidManifest.xml:33:13-37
54            android:theme="@style/Theme.MercuryExperience" />
54-->src\main\AndroidManifest.xml:34:13-59
55        <activity
55-->src\main\AndroidManifest.xml:36:9-39:62
56            android:name="com.example.mercuryexperience.ui.app.favorites.FavoritesActivity"
56-->src\main\AndroidManifest.xml:37:13-63
57            android:exported="false"
57-->src\main\AndroidManifest.xml:38:13-37
58            android:theme="@style/Theme.MercuryExperience" />
58-->src\main\AndroidManifest.xml:39:13-59
59        <activity
59-->src\main\AndroidManifest.xml:41:9-44:62
60            android:name="com.example.mercuryexperience.ui.app.review.AddReviewActivity"
60-->src\main\AndroidManifest.xml:42:13-60
61            android:exported="false"
61-->src\main\AndroidManifest.xml:43:13-37
62            android:theme="@style/Theme.MercuryExperience" />
62-->src\main\AndroidManifest.xml:44:13-59
63        <activity
63-->src\main\AndroidManifest.xml:46:9-54:20
64            android:name="com.example.mercuryexperience.ui.app.auth.SplashActivity"
64-->src\main\AndroidManifest.xml:47:13-55
65            android:exported="true"
65-->src\main\AndroidManifest.xml:48:13-36
66            android:theme="@style/Theme.MercuryExperience" >
66-->src\main\AndroidManifest.xml:49:13-59
67            <intent-filter>
67-->src\main\AndroidManifest.xml:50:13-53:29
68                <action android:name="android.intent.action.MAIN" />
68-->src\main\AndroidManifest.xml:51:17-69
68-->src\main\AndroidManifest.xml:51:25-66
69
70                <category android:name="android.intent.category.LAUNCHER" />
70-->src\main\AndroidManifest.xml:52:17-77
70-->src\main\AndroidManifest.xml:52:27-74
71            </intent-filter>
72        </activity>
73        <activity
73-->[androidx.compose.ui:ui-test-manifest:1.9.2] AndroidManifest.xml:23:9-26:79
74            android:name="androidx.activity.ComponentActivity"
74-->[androidx.compose.ui:ui-test-manifest:1.9.2] AndroidManifest.xml:24:13-63
75            android:exported="true"
75-->[androidx.compose.ui:ui-test-manifest:1.9.2] AndroidManifest.xml:25:13-36
76            android:theme="@android:style/Theme.Material.Light.NoActionBar" />
76-->[androidx.compose.ui:ui-test-manifest:1.9.2] AndroidManifest.xml:26:13-76
77        <activity
77-->[androidx.compose.ui:ui-tooling-android:1.9.2] AndroidManifest.xml:23:9-25:39
78            android:name="androidx.compose.ui.tooling.PreviewActivity"
78-->[androidx.compose.ui:ui-tooling-android:1.9.2] AndroidManifest.xml:24:13-71
79            android:exported="true" />
79-->[androidx.compose.ui:ui-tooling-android:1.9.2] AndroidManifest.xml:25:13-36
80        <activity
80-->[com.google.firebase:firebase-auth:23.2.0] AndroidManifest.xml:29:9-46:20
81            android:name="com.google.firebase.auth.internal.GenericIdpActivity"
81-->[com.google.firebase:firebase-auth:23.2.0] AndroidManifest.xml:30:13-80
82            android:excludeFromRecents="true"
82-->[com.google.firebase:firebase-auth:23.2.0] AndroidManifest.xml:31:13-46
83            android:exported="true"
83-->[com.google.firebase:firebase-auth:23.2.0] AndroidManifest.xml:32:13-36
84            android:launchMode="singleTask"
84-->[com.google.firebase:firebase-auth:23.2.0] AndroidManifest.xml:33:13-44
85            android:theme="@android:style/Theme.Translucent.NoTitleBar" >
85-->[com.google.firebase:firebase-auth:23.2.0] AndroidManifest.xml:34:13-72
86            <intent-filter>
86-->[com.google.firebase:firebase-auth:23.2.0] AndroidManifest.xml:35:13-45:29
87                <action android:name="android.intent.action.VIEW" />
87-->[com.google.firebase:firebase-auth:23.2.0] AndroidManifest.xml:36:17-69
87-->[com.google.firebase:firebase-auth:23.2.0] AndroidManifest.xml:36:25-66
88
89                <category android:name="android.intent.category.DEFAULT" />
89-->[com.google.firebase:firebase-auth:23.2.0] AndroidManifest.xml:38:17-76
89-->[com.google.firebase:firebase-auth:23.2.0] AndroidManifest.xml:38:27-73
90                <category android:name="android.intent.category.BROWSABLE" />
90-->[com.google.firebase:firebase-auth:23.2.0] AndroidManifest.xml:39:17-78
90-->[com.google.firebase:firebase-auth:23.2.0] AndroidManifest.xml:39:27-75
91
92                <data
92-->[com.google.firebase:firebase-auth:23.2.0] AndroidManifest.xml:41:17-44:51
93                    android:host="firebase.auth"
93-->[com.google.firebase:firebase-auth:23.2.0] AndroidManifest.xml:42:21-49
94                    android:path="/"
94-->[com.google.firebase:firebase-auth:23.2.0] AndroidManifest.xml:43:21-37
95                    android:scheme="genericidp" />
95-->[com.google.firebase:firebase-auth:23.2.0] AndroidManifest.xml:44:21-48
96            </intent-filter>
97        </activity>
98        <activity
98-->[com.google.firebase:firebase-auth:23.2.0] AndroidManifest.xml:47:9-64:20
99            android:name="com.google.firebase.auth.internal.RecaptchaActivity"
99-->[com.google.firebase:firebase-auth:23.2.0] AndroidManifest.xml:48:13-79
100            android:excludeFromRecents="true"
100-->[com.google.firebase:firebase-auth:23.2.0] AndroidManifest.xml:49:13-46
101            android:exported="true"
101-->[com.google.firebase:firebase-auth:23.2.0] AndroidManifest.xml:50:13-36
102            android:launchMode="singleTask"
102-->[com.google.firebase:firebase-auth:23.2.0] AndroidManifest.xml:51:13-44
103            android:theme="@android:style/Theme.Translucent.NoTitleBar" >
103-->[com.google.firebase:firebase-auth:23.2.0] AndroidManifest.xml:52:13-72
104            <intent-filter>
104-->[com.google.firebase:firebase-auth:23.2.0] AndroidManifest.xml:53:13-63:29
105                <action android:name="android.intent.action.VIEW" />
105-->[com.google.firebase:firebase-auth:23.2.0] AndroidManifest.xml:36:17-69
105-->[com.google.firebase:firebase-auth:23.2.0] AndroidManifest.xml:36:25-66
106
107                <category android:name="android.intent.category.DEFAULT" />
107-->[com.google.firebase:firebase-auth:23.2.0] AndroidManifest.xml:38:17-76
107-->[com.google.firebase:firebase-auth:23.2.0] AndroidManifest.xml:38:27-73
108                <category android:name="android.intent.category.BROWSABLE" />
108-->[com.google.firebase:firebase-auth:23.2.0] AndroidManifest.xml:39:17-78
108-->[com.google.firebase:firebase-auth:23.2.0] AndroidManifest.xml:39:27-75
109
110                <data
110-->[com.google.firebase:firebase-auth:23.2.0] AndroidManifest.xml:41:17-44:51
111                    android:host="firebase.auth"
111-->[com.google.firebase:firebase-auth:23.2.0] AndroidManifest.xml:42:21-49
112                    android:path="/"
112-->[com.google.firebase:firebase-auth:23.2.0] AndroidManifest.xml:43:21-37
113                    android:scheme="recaptcha" />
113-->[com.google.firebase:firebase-auth:23.2.0] AndroidManifest.xml:44:21-48
114            </intent-filter>
115        </activity>
116
117        <service
117-->[com.google.firebase:firebase-auth:23.2.0] AndroidManifest.xml:66:9-72:19
118            android:name="com.google.firebase.components.ComponentDiscoveryService"
118-->[com.google.firebase:firebase-auth:23.2.0] AndroidManifest.xml:67:13-84
119            android:directBootAware="true"
119-->[com.google.firebase:firebase-common:21.0.0] AndroidManifest.xml:32:13-43
120            android:exported="false" >
120-->[com.google.firebase:firebase-auth:23.2.0] AndroidManifest.xml:68:13-37
121            <meta-data
121-->[com.google.firebase:firebase-auth:23.2.0] AndroidManifest.xml:69:13-71:85
122                android:name="com.google.firebase.components:com.google.firebase.auth.FirebaseAuthRegistrar"
122-->[com.google.firebase:firebase-auth:23.2.0] AndroidManifest.xml:70:17-109
123                android:value="com.google.firebase.components.ComponentRegistrar" />
123-->[com.google.firebase:firebase-auth:23.2.0] AndroidManifest.xml:71:17-82
124            <meta-data
124-->[com.google.firebase:firebase-database:21.0.0] AndroidManifest.xml:29:13-31:85
125                android:name="com.google.firebase.components:com.google.firebase.database.FirebaseDatabaseKtxRegistrar"
125-->[com.google.firebase:firebase-database:21.0.0] AndroidManifest.xml:30:17-120
126                android:value="com.google.firebase.components.ComponentRegistrar" />
126-->[com.google.firebase:firebase-database:21.0.0] AndroidManifest.xml:31:17-82
127            <meta-data
127-->[com.google.firebase:firebase-database:21.0.0] AndroidManifest.xml:32:13-34:85
128                android:name="com.google.firebase.components:com.google.firebase.database.DatabaseRegistrar"
128-->[com.google.firebase:firebase-database:21.0.0] AndroidManifest.xml:33:17-109
129                android:value="com.google.firebase.components.ComponentRegistrar" />
129-->[com.google.firebase:firebase-database:21.0.0] AndroidManifest.xml:34:17-82
130            <meta-data
130-->[com.google.android.gms:play-services-measurement-api:22.3.0] AndroidManifest.xml:33:13-35:85
131                android:name="com.google.firebase.components:com.google.firebase.analytics.connector.internal.AnalyticsConnectorRegistrar"
131-->[com.google.android.gms:play-services-measurement-api:22.3.0] AndroidManifest.xml:34:17-139
132                android:value="com.google.firebase.components.ComponentRegistrar" />
132-->[com.google.android.gms:play-services-measurement-api:22.3.0] AndroidManifest.xml:35:17-82
133            <meta-data
133-->[com.google.firebase:firebase-installations:18.0.0] AndroidManifest.xml:15:13-17:85
134                android:name="com.google.firebase.components:com.google.firebase.installations.FirebaseInstallationsKtxRegistrar"
134-->[com.google.firebase:firebase-installations:18.0.0] AndroidManifest.xml:16:17-130
135                android:value="com.google.firebase.components.ComponentRegistrar" />
135-->[com.google.firebase:firebase-installations:18.0.0] AndroidManifest.xml:17:17-82
136            <meta-data
136-->[com.google.firebase:firebase-installations:18.0.0] AndroidManifest.xml:18:13-20:85
137                android:name="com.google.firebase.components:com.google.firebase.installations.FirebaseInstallationsRegistrar"
137-->[com.google.firebase:firebase-installations:18.0.0] AndroidManifest.xml:19:17-127
138                android:value="com.google.firebase.components.ComponentRegistrar" />
138-->[com.google.firebase:firebase-installations:18.0.0] AndroidManifest.xml:20:17-82
139            <meta-data
139-->[com.google.firebase:firebase-common-ktx:21.0.0] AndroidManifest.xml:12:13-14:85
140                android:name="com.google.firebase.components:com.google.firebase.ktx.FirebaseCommonLegacyRegistrar"
140-->[com.google.firebase:firebase-common-ktx:21.0.0] AndroidManifest.xml:13:17-116
141                android:value="com.google.firebase.components.ComponentRegistrar" />
141-->[com.google.firebase:firebase-common-ktx:21.0.0] AndroidManifest.xml:14:17-82
142            <meta-data
142-->[com.google.firebase:firebase-common:21.0.0] AndroidManifest.xml:35:13-37:85
143                android:name="com.google.firebase.components:com.google.firebase.FirebaseCommonKtxRegistrar"
143-->[com.google.firebase:firebase-common:21.0.0] AndroidManifest.xml:36:17-109
144                android:value="com.google.firebase.components.ComponentRegistrar" />
144-->[com.google.firebase:firebase-common:21.0.0] AndroidManifest.xml:37:17-82
145        </service>
146
147        <receiver
147-->[com.google.android.gms:play-services-measurement:22.3.0] AndroidManifest.xml:29:9-33:20
148            android:name="com.google.android.gms.measurement.AppMeasurementReceiver"
148-->[com.google.android.gms:play-services-measurement:22.3.0] AndroidManifest.xml:30:13-85
149            android:enabled="true"
149-->[com.google.android.gms:play-services-measurement:22.3.0] AndroidManifest.xml:31:13-35
150            android:exported="false" >
150-->[com.google.android.gms:play-services-measurement:22.3.0] AndroidManifest.xml:32:13-37
151        </receiver>
152
153        <service
153-->[com.google.android.gms:play-services-measurement:22.3.0] AndroidManifest.xml:35:9-38:40
154            android:name="com.google.android.gms.measurement.AppMeasurementService"
154-->[com.google.android.gms:play-services-measurement:22.3.0] AndroidManifest.xml:36:13-84
155            android:enabled="true"
155-->[com.google.android.gms:play-services-measurement:22.3.0] AndroidManifest.xml:37:13-35
156            android:exported="false" />
156-->[com.google.android.gms:play-services-measurement:22.3.0] AndroidManifest.xml:38:13-37
157        <service
157-->[com.google.android.gms:play-services-measurement:22.3.0] AndroidManifest.xml:39:9-43:72
158            android:name="com.google.android.gms.measurement.AppMeasurementJobService"
158-->[com.google.android.gms:play-services-measurement:22.3.0] AndroidManifest.xml:40:13-87
159            android:enabled="true"
159-->[com.google.android.gms:play-services-measurement:22.3.0] AndroidManifest.xml:41:13-35
160            android:exported="false"
160-->[com.google.android.gms:play-services-measurement:22.3.0] AndroidManifest.xml:42:13-37
161            android:permission="android.permission.BIND_JOB_SERVICE" />
161-->[com.google.android.gms:play-services-measurement:22.3.0] AndroidManifest.xml:43:13-69
162        <service
162-->[androidx.credentials:credentials-play-services-auth:1.2.0-rc01] AndroidManifest.xml:24:9-32:19
163            android:name="androidx.credentials.playservices.CredentialProviderMetadataHolder"
163-->[androidx.credentials:credentials-play-services-auth:1.2.0-rc01] AndroidManifest.xml:25:13-94
164            android:enabled="true"
164-->[androidx.credentials:credentials-play-services-auth:1.2.0-rc01] AndroidManifest.xml:26:13-35
165            android:exported="false" >
165-->[androidx.credentials:credentials-play-services-auth:1.2.0-rc01] AndroidManifest.xml:27:13-37
166            <meta-data
166-->[androidx.credentials:credentials-play-services-auth:1.2.0-rc01] AndroidManifest.xml:29:13-31:104
167                android:name="androidx.credentials.CREDENTIAL_PROVIDER_KEY"
167-->[androidx.credentials:credentials-play-services-auth:1.2.0-rc01] AndroidManifest.xml:30:17-76
168                android:value="androidx.credentials.playservices.CredentialProviderPlayServicesImpl" />
168-->[androidx.credentials:credentials-play-services-auth:1.2.0-rc01] AndroidManifest.xml:31:17-101
169        </service>
170
171        <activity
171-->[androidx.credentials:credentials-play-services-auth:1.2.0-rc01] AndroidManifest.xml:34:9-41:20
172            android:name="androidx.credentials.playservices.HiddenActivity"
172-->[androidx.credentials:credentials-play-services-auth:1.2.0-rc01] AndroidManifest.xml:35:13-76
173            android:configChanges="orientation|screenSize|screenLayout|keyboardHidden"
173-->[androidx.credentials:credentials-play-services-auth:1.2.0-rc01] AndroidManifest.xml:36:13-87
174            android:enabled="true"
174-->[androidx.credentials:credentials-play-services-auth:1.2.0-rc01] AndroidManifest.xml:37:13-35
175            android:exported="false"
175-->[androidx.credentials:credentials-play-services-auth:1.2.0-rc01] AndroidManifest.xml:38:13-37
176            android:fitsSystemWindows="true"
176-->[androidx.credentials:credentials-play-services-auth:1.2.0-rc01] AndroidManifest.xml:39:13-45
177            android:theme="@style/Theme.Hidden" >
177-->[androidx.credentials:credentials-play-services-auth:1.2.0-rc01] AndroidManifest.xml:40:13-48
178        </activity>
179        <activity
179-->[com.google.android.gms:play-services-auth:20.7.0] AndroidManifest.xml:23:9-27:75
180            android:name="com.google.android.gms.auth.api.signin.internal.SignInHubActivity"
180-->[com.google.android.gms:play-services-auth:20.7.0] AndroidManifest.xml:24:13-93
181            android:excludeFromRecents="true"
181-->[com.google.android.gms:play-services-auth:20.7.0] AndroidManifest.xml:25:13-46
182            android:exported="false"
182-->[com.google.android.gms:play-services-auth:20.7.0] AndroidManifest.xml:26:13-37
183            android:theme="@android:style/Theme.Translucent.NoTitleBar" />
183-->[com.google.android.gms:play-services-auth:20.7.0] AndroidManifest.xml:27:13-72
184        <!--
185            Service handling Google Sign-In user revocation. For apps that do not integrate with
186            Google Sign-In, this service will never be started.
187        -->
188        <service
188-->[com.google.android.gms:play-services-auth:20.7.0] AndroidManifest.xml:33:9-37:51
189            android:name="com.google.android.gms.auth.api.signin.RevocationBoundService"
189-->[com.google.android.gms:play-services-auth:20.7.0] AndroidManifest.xml:34:13-89
190            android:exported="true"
190-->[com.google.android.gms:play-services-auth:20.7.0] AndroidManifest.xml:35:13-36
191            android:permission="com.google.android.gms.auth.api.signin.permission.REVOCATION_NOTIFICATION"
191-->[com.google.android.gms:play-services-auth:20.7.0] AndroidManifest.xml:36:13-107
192            android:visibleToInstantApps="true" />
192-->[com.google.android.gms:play-services-auth:20.7.0] AndroidManifest.xml:37:13-48
193
194        <provider
194-->[com.google.firebase:firebase-common:21.0.0] AndroidManifest.xml:23:9-28:39
195            android:name="com.google.firebase.provider.FirebaseInitProvider"
195-->[com.google.firebase:firebase-common:21.0.0] AndroidManifest.xml:24:13-77
196            android:authorities="com.example.mercuryexperience.firebaseinitprovider"
196-->[com.google.firebase:firebase-common:21.0.0] AndroidManifest.xml:25:13-72
197            android:directBootAware="true"
197-->[com.google.firebase:firebase-common:21.0.0] AndroidManifest.xml:26:13-43
198            android:exported="false"
198-->[com.google.firebase:firebase-common:21.0.0] AndroidManifest.xml:27:13-37
199            android:initOrder="100" />
199-->[com.google.firebase:firebase-common:21.0.0] AndroidManifest.xml:28:13-36
200
201        <activity
201-->[com.google.android.gms:play-services-base:18.5.0] AndroidManifest.xml:5:9-173
202            android:name="com.google.android.gms.common.api.GoogleApiActivity"
202-->[com.google.android.gms:play-services-base:18.5.0] AndroidManifest.xml:5:19-85
203            android:exported="false"
203-->[com.google.android.gms:play-services-base:18.5.0] AndroidManifest.xml:5:146-170
204            android:theme="@android:style/Theme.Translucent.NoTitleBar" />
204-->[com.google.android.gms:play-services-base:18.5.0] AndroidManifest.xml:5:86-145
205
206        <provider
206-->[androidx.emoji2:emoji2:1.4.0] AndroidManifest.xml:24:9-32:20
207            android:name="androidx.startup.InitializationProvider"
207-->[androidx.emoji2:emoji2:1.4.0] AndroidManifest.xml:25:13-67
208            android:authorities="com.example.mercuryexperience.androidx-startup"
208-->[androidx.emoji2:emoji2:1.4.0] AndroidManifest.xml:26:13-68
209            android:exported="false" >
209-->[androidx.emoji2:emoji2:1.4.0] AndroidManifest.xml:27:13-37
210            <meta-data
210-->[androidx.emoji2:emoji2:1.4.0] AndroidManifest.xml:29:13-31:52
211                android:name="androidx.emoji2.text.EmojiCompatInitializer"
211-->[androidx.emoji2:emoji2:1.4.0] AndroidManifest.xml:30:17-75
212                android:value="androidx.startup" />
212-->[androidx.emoji2:emoji2:1.4.0] AndroidManifest.xml:31:17-49
213            <meta-data
213-->[androidx.lifecycle:lifecycle-process:2.10.0] AndroidManifest.xml:29:13-31:52
214                android:name="androidx.lifecycle.ProcessLifecycleInitializer"
214-->[androidx.lifecycle:lifecycle-process:2.10.0] AndroidManifest.xml:30:17-78
215                android:value="androidx.startup" />
215-->[androidx.lifecycle:lifecycle-process:2.10.0] AndroidManifest.xml:31:17-49
216            <meta-data
216-->[androidx.profileinstaller:profileinstaller:1.4.0] AndroidManifest.xml:29:13-31:52
217                android:name="androidx.profileinstaller.ProfileInstallerInitializer"
217-->[androidx.profileinstaller:profileinstaller:1.4.0] AndroidManifest.xml:30:17-85
218                android:value="androidx.startup" />
218-->[androidx.profileinstaller:profileinstaller:1.4.0] AndroidManifest.xml:31:17-49
219        </provider>
220
221        <uses-library
221-->[androidx.privacysandbox.ads:ads-adservices:1.1.0-beta11] AndroidManifest.xml:23:9-25:40
222            android:name="android.ext.adservices"
222-->[androidx.privacysandbox.ads:ads-adservices:1.1.0-beta11] AndroidManifest.xml:24:13-50
223            android:required="false" />
223-->[androidx.privacysandbox.ads:ads-adservices:1.1.0-beta11] AndroidManifest.xml:25:13-37
224
225        <meta-data
225-->[com.google.android.gms:play-services-basement:18.5.0] AndroidManifest.xml:21:9-23:69
226            android:name="com.google.android.gms.version"
226-->[com.google.android.gms:play-services-basement:18.5.0] AndroidManifest.xml:22:13-58
227            android:value="@integer/google_play_services_version" />
227-->[com.google.android.gms:play-services-basement:18.5.0] AndroidManifest.xml:23:13-66
228
229        <receiver
229-->[androidx.profileinstaller:profileinstaller:1.4.0] AndroidManifest.xml:34:9-52:20
230            android:name="androidx.profileinstaller.ProfileInstallReceiver"
230-->[androidx.profileinstaller:profileinstaller:1.4.0] AndroidManifest.xml:35:13-76
231            android:directBootAware="false"
231-->[androidx.profileinstaller:profileinstaller:1.4.0] AndroidManifest.xml:36:13-44
232            android:enabled="true"
232-->[androidx.profileinstaller:profileinstaller:1.4.0] AndroidManifest.xml:37:13-35
233            android:exported="true"
233-->[androidx.profileinstaller:profileinstaller:1.4.0] AndroidManifest.xml:38:13-36
234            android:permission="android.permission.DUMP" >
234-->[androidx.profileinstaller:profileinstaller:1.4.0] AndroidManifest.xml:39:13-57
235            <intent-filter>
235-->[androidx.profileinstaller:profileinstaller:1.4.0] AndroidManifest.xml:40:13-42:29
236                <action android:name="androidx.profileinstaller.action.INSTALL_PROFILE" />
236-->[androidx.profileinstaller:profileinstaller:1.4.0] AndroidManifest.xml:41:17-91
236-->[androidx.profileinstaller:profileinstaller:1.4.0] AndroidManifest.xml:41:25-88
237            </intent-filter>
238            <intent-filter>
238-->[androidx.profileinstaller:profileinstaller:1.4.0] AndroidManifest.xml:43:13-45:29
239                <action android:name="androidx.profileinstaller.action.SKIP_FILE" />
239-->[androidx.profileinstaller:profileinstaller:1.4.0] AndroidManifest.xml:44:17-85
239-->[androidx.profileinstaller:profileinstaller:1.4.0] AndroidManifest.xml:44:25-82
240            </intent-filter>
241            <intent-filter>
241-->[androidx.profileinstaller:profileinstaller:1.4.0] AndroidManifest.xml:46:13-48:29
242                <action android:name="androidx.profileinstaller.action.SAVE_PROFILE" />
242-->[androidx.profileinstaller:profileinstaller:1.4.0] AndroidManifest.xml:47:17-88
242-->[androidx.profileinstaller:profileinstaller:1.4.0] AndroidManifest.xml:47:25-85
243            </intent-filter>
244            <intent-filter>
244-->[androidx.profileinstaller:profileinstaller:1.4.0] AndroidManifest.xml:49:13-51:29
245                <action android:name="androidx.profileinstaller.action.BENCHMARK_OPERATION" />
245-->[androidx.profileinstaller:profileinstaller:1.4.0] AndroidManifest.xml:50:17-95
245-->[androidx.profileinstaller:profileinstaller:1.4.0] AndroidManifest.xml:50:25-92
246            </intent-filter>
247        </receiver> <!-- The activities will be merged into the manifest of the hosting app. -->
248        <activity
248-->[com.google.android.play:core-common:2.0.3] AndroidManifest.xml:14:9-18:65
249            android:name="com.google.android.play.core.common.PlayCoreDialogWrapperActivity"
249-->[com.google.android.play:core-common:2.0.3] AndroidManifest.xml:15:13-93
250            android:exported="false"
250-->[com.google.android.play:core-common:2.0.3] AndroidManifest.xml:16:13-37
251            android:stateNotNeeded="true"
251-->[com.google.android.play:core-common:2.0.3] AndroidManifest.xml:17:13-42
252            android:theme="@style/Theme.PlayCore.Transparent" />
252-->[com.google.android.play:core-common:2.0.3] AndroidManifest.xml:18:13-62
253    </application>
254
255</manifest>